[0.099s] DEBUG:colcon:Command line arguments: ['/usr/bin/colcon', 'build']
[0.099s] DEBUG:colcon:Parsed command line arguments: Namespace(log_base=None, log_level=None, verb_name='build', build_base='build', install_base='install', merge_install=False, symlink_install=False, test_result_base=None, continue_on_error=False, executor='parallel', parallel_workers=20, event_handlers=None, ignore_user_meta=False, metas=['./colcon.meta'], base_paths=['.'], packages_ignore=None, packages_ignore_regex=None, paths=None, packages_up_to=None, packages_up_to_regex=None, packages_above=None, packages_above_and_dependencies=None, packages_above_depth=None, packages_select_by_dep=None, packages_skip_by_dep=None, packages_skip_up_to=None, packages_select_build_failed=False, packages_skip_build_finished=False, packages_select_test_failures=False, packages_skip_test_passed=False, packages_select=None, packages_skip=None, packages_select_regex=None, packages_skip_regex=None, packages_start=None, packages_end=None, allow_overriding=[], cmake_args=None, cmake_target=None, cmake_target_skip_unavailable=False, cmake_clean_cache=False, cmake_clean_first=False, cmake_force_configure=False, ament_cmake_args=None, catkin_cmake_args=None, catkin_skip_building_tests=False, mixin_files=None, mixin=None, verb_parser=<colcon_mixin.mixin.mixin_argument.MixinArgumentDecorator object at 0x71001ff94250>, verb_extension=<colcon_core.verb.build.BuildVerb object at 0x71001ff67d00>, main=<bound method BuildVerb.main of <colcon_core.verb.build.BuildVerb object at 0x71001ff67d00>>, mixin_verb=('build',))
[0.134s] Level 1:colcon.colcon_core.package_discovery:discover_packages(colcon_meta) check parameters
[0.134s] Level 1:colcon.colcon_core.package_discovery:discover_packages(recursive) check parameters
[0.134s] Level 1:colcon.colcon_core.package_discovery:discover_packages(ignore) check parameters
[0.134s] Level 1:colcon.colcon_core.package_discovery:discover_packages(path) check parameters
[0.134s] Level 1:colcon.colcon_core.package_discovery:discover_packages(colcon_meta) discover
[0.134s] Level 1:colcon.colcon_core.package_discovery:discover_packages(recursive) discover
[0.134s] INFO:colcon.colcon_core.package_discovery:Crawling recursively for packages in '/home/pranav/eye_detection'
[0.134s] Level 1:colcon.colcon_core.package_identification:_identify(.) by extensions ['ignore', 'ignore_ament_install']
[0.134s] Level 1:colcon.colcon_core.package_identification:_identify(.) by extension 'ignore'
[0.134s] Level 1:colcon.colcon_core.package_identification:_identify(.) by extension 'ignore_ament_install'
[0.134s] Level 1:colcon.colcon_core.package_identification:_identify(.) by extensions ['colcon_pkg']
[0.134s] Level 1:colcon.colcon_core.package_identification:_identify(.) by extension 'colcon_pkg'
[0.134s] Level 1:colcon.colcon_core.package_identification:_identify(.) by extensions ['colcon_meta']
[0.134s] Level 1:colcon.colcon_core.package_identification:_identify(.) by extension 'colcon_meta'
[0.134s] Level 1:colcon.colcon_core.package_identification:_identify(.) by extensions ['ros']
[0.134s] Level 1:colcon.colcon_core.package_identification:_identify(.) by extension 'ros'
[0.160s] DEBUG:colcon.colcon_core.package_identification:Package '.' with type 'ros.ament_python' and name 'eye_detection'
[0.160s] Level 1:colcon.colcon_core.package_discovery:discover_packages(recursive) using defaults
[0.160s] Level 1:colcon.colcon_core.package_discovery:discover_packages(ignore) discover
[0.160s] Level 1:colcon.colcon_core.package_discovery:discover_packages(ignore) using defaults
[0.160s] Level 1:colcon.colcon_core.package_discovery:discover_packages(path) discover
[0.160s] Level 1:colcon.colcon_core.package_discovery:discover_packages(path) using defaults
[0.176s] Level 1:colcon.colcon_core.package_discovery:discover_packages(prefix_path) check parameters
[0.177s] Level 1:colcon.colcon_core.package_discovery:discover_packages(prefix_path) discover
[0.178s] DEBUG:colcon.colcon_installed_package_information.package_discovery:Found 1 installed packages in /home/pranav/eye_detection/install
[0.179s] DEBUG:colcon.colcon_installed_package_information.package_discovery:Found 360 installed packages in /opt/ros/humble
[0.181s] Level 1:colcon.colcon_core.package_discovery:discover_packages(prefix_path) using defaults
[0.229s] Level 5:colcon.colcon_core.verb:set package 'eye_detection' build argument 'cmake_args' from command line to 'None'
[0.229s] Level 5:colcon.colcon_core.verb:set package 'eye_detection' build argument 'cmake_target' from command line to 'None'
[0.229s] Level 5:colcon.colcon_core.verb:set package 'eye_detection' build argument 'cmake_target_skip_unavailable' from command line to 'False'
[0.229s] Level 5:colcon.colcon_core.verb:set package 'eye_detection' build argument 'cmake_clean_cache' from command line to 'False'
[0.229s] Level 5:colcon.colcon_core.verb:set package 'eye_detection' build argument 'cmake_clean_first' from command line to 'False'
[0.229s] Level 5:colcon.colcon_core.verb:set package 'eye_detection' build argument 'cmake_force_configure' from command line to 'False'
[0.229s] Level 5:colcon.colcon_core.verb:set package 'eye_detection' build argument 'ament_cmake_args' from command line to 'None'
[0.229s] Level 5:colcon.colcon_core.verb:set package 'eye_detection' build argument 'catkin_cmake_args' from command line to 'None'
[0.229s] Level 5:colcon.colcon_core.verb:set package 'eye_detection' build argument 'catkin_skip_building_tests' from command line to 'False'
[0.229s] DEBUG:colcon.colcon_core.verb:Building package 'eye_detection' with the following arguments: {'ament_cmake_args': None, 'build_base': '/home/pranav/eye_detection/build/eye_detection', 'catkin_cmake_args': None, 'catkin_skip_building_tests': False, 'cmake_args': None, 'cmake_clean_cache': False, 'cmake_clean_first': False, 'cmake_force_configure': False, 'cmake_target': None, 'cmake_target_skip_unavailable': False, 'install_base': '/home/pranav/eye_detection/install/eye_detection', 'merge_install': False, 'path': '/home/pranav/eye_detection', 'symlink_install': False, 'test_result_base': None}
[0.229s] INFO:colcon.colcon_core.executor:Executing jobs using 'parallel' executor
[0.230s] DEBUG:colcon.colcon_parallel_executor.executor.parallel:run_until_complete
[0.231s] INFO:colcon.colcon_ros.task.ament_python.build:Building ROS package in '/home/pranav/eye_detection' with build type 'ament_python'
[0.231s] Level 1:colcon.colcon_core.shell:create_environment_hook('eye_detection', 'ament_prefix_path')
[0.232s] INFO:colcon.colcon_core.plugin_system:Skipping extension 'colcon_core.shell.bat': Not used on non-Windows systems
[0.232s] INFO:colcon.colcon_core.shell:Creating environment hook '/home/pranav/eye_detection/install/eye_detection/share/eye_detection/hook/ament_prefix_path.ps1'
[0.233s] INFO:colcon.colcon_core.shell:Creating environment descriptor '/home/pranav/eye_detection/install/eye_detection/share/eye_detection/hook/ament_prefix_path.dsv'
[0.233s] INFO:colcon.colcon_core.shell:Creating environment hook '/home/pranav/eye_detection/install/eye_detection/share/eye_detection/hook/ament_prefix_path.sh'
[0.234s] INFO:colcon.colcon_core.shell:Skip shell extension 'powershell' for command environment: Not usable outside of PowerShell
[0.234s] DEBUG:colcon.colcon_core.shell:Skip shell extension 'dsv' for command environment
[0.440s] INFO:colcon.colcon_core.task.python.build:Building Python package in '/home/pranav/eye_detection'
[0.440s] INFO:colcon.colcon_core.shell:Skip shell extension 'powershell' for command environment: Not usable outside of PowerShell
[0.440s] DEBUG:colcon.colcon_core.shell:Skip shell extension 'dsv' for command environment
[0.835s] DEBUG:colcon.colcon_core.event_handler.log_command:Invoking command in '/home/pranav/eye_detection': PYTHONPATH=/home/pranav/eye_detection/build/eye_detection/prefix_override:/usr/lib/python3/dist-packages/colcon_core/task/python/colcon_distutils_commands:/home/pranav/eye_detection/install/eye_detection/lib/python3.10/site-packages:${PYTHONPATH} /usr/bin/python3 -W ignore:setup.py install is deprecated -W ignore:easy_install command is deprecated setup.py egg_info --egg-base build/eye_detection build --build-base /home/pranav/eye_detection/build/eye_detection/build install --record /home/pranav/eye_detection/build/eye_detection/install.log --single-version-externally-managed install_data
[1.236s] DEBUG:colcon.colcon_core.event_handler.log_command:Invoked command in '/home/pranav/eye_detection' returned '0': PYTHONPATH=/home/pranav/eye_detection/build/eye_detection/prefix_override:/usr/lib/python3/dist-packages/colcon_core/task/python/colcon_distutils_commands:/home/pranav/eye_detection/install/eye_detection/lib/python3.10/site-packages:${PYTHONPATH} /usr/bin/python3 -W ignore:setup.py install is deprecated -W ignore:easy_install command is deprecated setup.py egg_info --egg-base build/eye_detection build --build-base /home/pranav/eye_detection/build/eye_detection/build install --record /home/pranav/eye_detection/build/eye_detection/install.log --single-version-externally-managed install_data
[1.238s] Level 1:colcon.colcon_core.environment:checking '/home/pranav/eye_detection/install/eye_detection' for CMake module files
[1.238s] Level 1:colcon.colcon_core.environment:checking '/home/pranav/eye_detection/install/eye_detection' for CMake config files
[1.239s] Level 1:colcon.colcon_core.environment:checking '/home/pranav/eye_detection/install/eye_detection/lib'
[1.239s] Level 1:colcon.colcon_core.environment:checking '/home/pranav/eye_detection/install/eye_detection/bin'
[1.239s] Level 1:colcon.colcon_core.environment:checking '/home/pranav/eye_detection/install/eye_detection/lib/pkgconfig/eye_detection.pc'
[1.239s] Level 1:colcon.colcon_core.environment:checking '/home/pranav/eye_detection/install/eye_detection/lib/python3.10/site-packages'
[1.239s] Level 1:colcon.colcon_core.shell:create_environment_hook('eye_detection', 'pythonpath')
[1.240s] INFO:colcon.colcon_core.shell:Creating environment hook '/home/pranav/eye_detection/install/eye_detection/share/eye_detection/hook/pythonpath.ps1'
[1.240s] INFO:colcon.colcon_core.shell:Creating environment descriptor '/home/pranav/eye_detection/install/eye_detection/share/eye_detection/hook/pythonpath.dsv'
[1.240s] INFO:colcon.colcon_core.shell:Creating environment hook '/home/pranav/eye_detection/install/eye_detection/share/eye_detection/hook/pythonpath.sh'
[1.241s] Level 1:colcon.colcon_core.environment:checking '/home/pranav/eye_detection/install/eye_detection/bin'
[1.241s] Level 1:colcon.colcon_core.environment:create_environment_scripts_only(eye_detection)
[1.241s] INFO:colcon.colcon_core.shell:Creating package script '/home/pranav/eye_detection/install/eye_detection/share/eye_detection/package.ps1'
[1.242s] INFO:colcon.colcon_core.shell:Creating package descriptor '/home/pranav/eye_detection/install/eye_detection/share/eye_detection/package.dsv'
[1.243s] INFO:colcon.colcon_core.shell:Creating package script '/home/pranav/eye_detection/install/eye_detection/share/eye_detection/package.sh'
[1.243s] INFO:colcon.colcon_core.shell:Creating package script '/home/pranav/eye_detection/install/eye_detection/share/eye_detection/package.bash'
[1.244s] INFO:colcon.colcon_core.shell:Creating package script '/home/pranav/eye_detection/install/eye_detection/share/eye_detection/package.zsh'
[1.245s] Level 1:colcon.colcon_core.environment:create_file_with_runtime_dependencies(/home/pranav/eye_detection/install/eye_detection/share/colcon-core/packages/eye_detection)
[1.245s] DEBUG:colcon.colcon_parallel_executor.executor.parallel:closing loop
[1.245s] DEBUG:colcon.colcon_parallel_executor.executor.parallel:loop closed
[1.245s] DEBUG:colcon.colcon_parallel_executor.executor.parallel:run_until_complete finished with '0'
[1.245s] DEBUG:colcon.colcon_core.event_reactor:joining thread
[1.249s] INFO:colcon.colcon_core.plugin_system:Skipping extension 'colcon_notification.desktop_notification.terminal_notifier': Not used on non-Darwin systems
[1.249s] INFO:colcon.colcon_core.plugin_system:Skipping extension 'colcon_notification.desktop_notification.win32': Not used on non-Windows systems
[1.249s] INFO:colcon.colcon_notification.desktop_notification:Sending desktop notification using 'notify2'
[1.257s] DEBUG:colcon.colcon_core.event_reactor:joined thread
[1.258s] INFO:colcon.colcon_core.shell:Creating prefix script '/home/pranav/eye_detection/install/local_setup.ps1'
[1.258s] INFO:colcon.colcon_core.shell:Creating prefix util module '/home/pranav/eye_detection/install/_local_setup_util_ps1.py'
[1.260s] INFO:colcon.colcon_core.shell:Creating prefix chain script '/home/pranav/eye_detection/install/setup.ps1'
[1.261s] INFO:colcon.colcon_core.shell:Creating prefix script '/home/pranav/eye_detection/install/local_setup.sh'
[1.261s] INFO:colcon.colcon_core.shell:Creating prefix util module '/home/pranav/eye_detection/install/_local_setup_util_sh.py'
[1.262s] INFO:colcon.colcon_core.shell:Creating prefix chain script '/home/pranav/eye_detection/install/setup.sh'
[1.263s] INFO:colcon.colcon_core.shell:Creating prefix script '/home/pranav/eye_detection/install/local_setup.bash'
[1.263s] INFO:colcon.colcon_core.shell:Creating prefix chain script '/home/pranav/eye_detection/install/setup.bash'
[1.264s] INFO:colcon.colcon_core.shell:Creating prefix script '/home/pranav/eye_detection/install/local_setup.zsh'
[1.264s] INFO:colcon.colcon_core.shell:Creating prefix chain script '/home/pranav/eye_detection/install/setup.zsh'
