[0.595s] Invoking command in '/home/pranav/eye_detection': PYTHONPATH=/home/pranav/eye_detection/build/eye_detection/prefix_override:/usr/lib/python3/dist-packages/colcon_core/task/python/colcon_distutils_commands:/home/pranav/eye_detection/install/eye_detection/lib/python3.10/site-packages:${PYTHONPATH} /usr/bin/python3 -W ignore:setup.py install is deprecated -W ignore:easy_install command is deprecated setup.py egg_info --egg-base build/eye_detection build --build-base /home/pranav/eye_detection/build/eye_detection/build install --record /home/pranav/eye_detection/build/eye_detection/install.log --single-version-externally-managed install_data
[0.737s] /home/pranav/.local/lib/python3.10/site-packages/setuptools/_distutils/dist.py:289: UserWarning: Unknown distribution option: 'tests_require'
[0.737s]   warnings.warn(msg)
[0.842s] running egg_info
[0.859s] writing build/eye_detection/eye_detection.egg-info/PKG-INFO
[0.859s] writing dependency_links to build/eye_detection/eye_detection.egg-info/dependency_links.txt
[0.860s] writing entry points to build/eye_detection/eye_detection.egg-info/entry_points.txt
[0.860s] writing requirements to build/eye_detection/eye_detection.egg-info/requires.txt
[0.860s] writing top-level names to build/eye_detection/eye_detection.egg-info/top_level.txt
[0.895s] reading manifest file 'build/eye_detection/eye_detection.egg-info/SOURCES.txt'
[0.896s] writing manifest file 'build/eye_detection/eye_detection.egg-info/SOURCES.txt'
[0.897s] running build
[0.897s] running build_py
[0.897s] copying eye_detection/eye_detection.py -> /home/pranav/eye_detection/build/eye_detection/build/lib/eye_detection
[0.897s] copying eye_detection/__init__.py -> /home/pranav/eye_detection/build/eye_detection/build/lib/eye_detection
[0.897s] running install
[0.901s] running install_lib
[0.918s] copying /home/pranav/eye_detection/build/eye_detection/build/lib/eye_detection/eye_detection.py -> /home/pranav/eye_detection/install/eye_detection/lib/python3.10/site-packages/eye_detection
[0.918s] byte-compiling /home/pranav/eye_detection/install/eye_detection/lib/python3.10/site-packages/eye_detection/eye_detection.py to eye_detection.cpython-310.pyc
[0.919s] running install_data
[0.919s] copying resource/eye_detection -> /home/pranav/eye_detection/install/eye_detection/share/ament_index/resource_index/packages
[0.920s] copying package.xml -> /home/pranav/eye_detection/install/eye_detection/share/eye_detection
[0.920s] running install_egg_info
[0.938s] removing '/home/pranav/eye_detection/install/eye_detection/lib/python3.10/site-packages/eye_detection-0.0.0-py3.10.egg-info' (and everything under it)
[0.939s] Copying build/eye_detection/eye_detection.egg-info to /home/pranav/eye_detection/install/eye_detection/lib/python3.10/site-packages/eye_detection-0.0.0-py3.10.egg-info
[0.939s] running install_scripts
[0.975s] Installing eye_detection script to /home/pranav/eye_detection/install/eye_detection/lib/eye_detection
[0.975s] writing list of installed files to '/home/pranav/eye_detection/build/eye_detection/install.log'
[0.995s] Invoked command in '/home/pranav/eye_detection' returned '0': PYTHONPATH=/home/pranav/eye_detection/build/eye_detection/prefix_override:/usr/lib/python3/dist-packages/colcon_core/task/python/colcon_distutils_commands:/home/pranav/eye_detection/install/eye_detection/lib/python3.10/site-packages:${PYTHONPATH} /usr/bin/python3 -W ignore:setup.py install is deprecated -W ignore:easy_install command is deprecated setup.py egg_info --egg-base build/eye_detection build --build-base /home/pranav/eye_detection/build/eye_detection/build install --record /home/pranav/eye_detection/build/eye_detection/install.log --single-version-externally-managed install_data
