[0.604s] Invoking command in '/home/pranav/eye_detection': PYTHONPATH=/home/pranav/eye_detection/build/eye_detection/prefix_override:/usr/lib/python3/dist-packages/colcon_core/task/python/colcon_distutils_commands:/home/pranav/eye_detection/install/eye_detection/lib/python3.10/site-packages:${PYTHONPATH} /usr/bin/python3 -W ignore:setup.py install is deprecated -W ignore:easy_install command is deprecated setup.py egg_info --egg-base build/eye_detection build --build-base /home/pranav/eye_detection/build/eye_detection/build install --record /home/pranav/eye_detection/build/eye_detection/install.log --single-version-externally-managed install_data
[0.748s] /home/pranav/.local/lib/python3.10/site-packages/setuptools/_distutils/dist.py:289: UserWarning: Unknown distribution option: 'tests_require'
[0.748s]   warnings.warn(msg)
[0.852s] running egg_info
[0.868s] writing build/eye_detection/eye_detection.egg-info/PKG-INFO
[0.869s] writing dependency_links to build/eye_detection/eye_detection.egg-info/dependency_links.txt
[0.869s] writing entry points to build/eye_detection/eye_detection.egg-info/entry_points.txt
[0.869s] writing requirements to build/eye_detection/eye_detection.egg-info/requires.txt
[0.869s] writing top-level names to build/eye_detection/eye_detection.egg-info/top_level.txt
[0.905s] reading manifest file 'build/eye_detection/eye_detection.egg-info/SOURCES.txt'
[0.906s] writing manifest file 'build/eye_detection/eye_detection.egg-info/SOURCES.txt'
[0.906s] running build
[0.906s] running build_py
[0.906s] copying eye_detection/eye_detection.py -> /home/pranav/eye_detection/build/eye_detection/build/lib/eye_detection
[0.906s] copying eye_detection/__init__.py -> /home/pranav/eye_detection/build/eye_detection/build/lib/eye_detection
[0.907s] running install
[0.910s] running install_lib
[0.927s] copying /home/pranav/eye_detection/build/eye_detection/build/lib/eye_detection/eye_detection.py -> /home/pranav/eye_detection/install/eye_detection/lib/python3.10/site-packages/eye_detection
[0.928s] byte-compiling /home/pranav/eye_detection/install/eye_detection/lib/python3.10/site-packages/eye_detection/eye_detection.py to eye_detection.cpython-310.pyc
[0.929s] running install_data
[0.929s] copying resource/eye_detection -> /home/pranav/eye_detection/install/eye_detection/share/ament_index/resource_index/packages
[0.929s] copying package.xml -> /home/pranav/eye_detection/install/eye_detection/share/eye_detection
[0.930s] running install_egg_info
[0.948s] removing '/home/pranav/eye_detection/install/eye_detection/lib/python3.10/site-packages/eye_detection-0.0.0-py3.10.egg-info' (and everything under it)
[0.948s] Copying build/eye_detection/eye_detection.egg-info to /home/pranav/eye_detection/install/eye_detection/lib/python3.10/site-packages/eye_detection-0.0.0-py3.10.egg-info
[0.949s] running install_scripts
[0.985s] Installing eye_detection script to /home/pranav/eye_detection/install/eye_detection/lib/eye_detection
[0.985s] writing list of installed files to '/home/pranav/eye_detection/build/eye_detection/install.log'
[1.005s] Invoked command in '/home/pranav/eye_detection' returned '0': PYTHONPATH=/home/pranav/eye_detection/build/eye_detection/prefix_override:/usr/lib/python3/dist-packages/colcon_core/task/python/colcon_distutils_commands:/home/pranav/eye_detection/install/eye_detection/lib/python3.10/site-packages:${PYTHONPATH} /usr/bin/python3 -W ignore:setup.py install is deprecated -W ignore:easy_install command is deprecated setup.py egg_info --egg-base build/eye_detection build --build-base /home/pranav/eye_detection/build/eye_detection/build install --record /home/pranav/eye_detection/build/eye_detection/install.log --single-version-externally-managed install_data
