running egg_info
writing build/eye_detection/eye_detection.egg-info/PKG-INFO
writing dependency_links to build/eye_detection/eye_detection.egg-info/dependency_links.txt
writing entry points to build/eye_detection/eye_detection.egg-info/entry_points.txt
writing requirements to build/eye_detection/eye_detection.egg-info/requires.txt
writing top-level names to build/eye_detection/eye_detection.egg-info/top_level.txt
reading manifest file 'build/eye_detection/eye_detection.egg-info/SOURCES.txt'
writing manifest file 'build/eye_detection/eye_detection.egg-info/SOURCES.txt'
running build
running build_py
copying eye_detection/eye_detection.py -> /home/pranav/eye_detection/build/eye_detection/build/lib/eye_detection
copying eye_detection/__init__.py -> /home/pranav/eye_detection/build/eye_detection/build/lib/eye_detection
running install
running install_lib
running install_data
copying resource/eye_detection -> /home/pranav/eye_detection/install/eye_detection/share/ament_index/resource_index/packages
copying package.xml -> /home/pranav/eye_detection/install/eye_detection/share/eye_detection
running install_egg_info
removing '/home/pranav/eye_detection/install/eye_detection/lib/python3.10/site-packages/eye_detection-0.0.0-py3.10.egg-info' (and everything under it)
Copying build/eye_detection/eye_detection.egg-info to /home/pranav/eye_detection/install/eye_detection/lib/python3.10/site-packages/eye_detection-0.0.0-py3.10.egg-info
running install_scripts
Installing eye_detection script to /home/pranav/eye_detection/install/eye_detection/lib/eye_detection
writing list of installed files to '/home/pranav/eye_detection/build/eye_detection/install.log'
