running egg_info
creating build/eye_detection/eye_detection.egg-info
writing build/eye_detection/eye_detection.egg-info/PKG-INFO
writing dependency_links to build/eye_detection/eye_detection.egg-info/dependency_links.txt
writing requirements to build/eye_detection/eye_detection.egg-info/requires.txt
writing top-level names to build/eye_detection/eye_detection.egg-info/top_level.txt
writing manifest file 'build/eye_detection/eye_detection.egg-info/SOURCES.txt'
reading manifest file 'build/eye_detection/eye_detection.egg-info/SOURCES.txt'
writing manifest file 'build/eye_detection/eye_detection.egg-info/SOURCES.txt'
running build
running build_py
creating /home/pranav/eye_detection/build/eye_detection/build/lib/eye_detection
copying eye_detection/eye_detection.py -> /home/pranav/eye_detection/build/eye_detection/build/lib/eye_detection
copying eye_detection/__init__.py -> /home/pranav/eye_detection/build/eye_detection/build/lib/eye_detection
running install
running install_lib
creating /home/pranav/eye_detection/install/eye_detection/lib/python3.10/site-packages/eye_detection
copying /home/pranav/eye_detection/build/eye_detection/build/lib/eye_detection/eye_detection.py -> /home/pranav/eye_detection/install/eye_detection/lib/python3.10/site-packages/eye_detection
copying /home/pranav/eye_detection/build/eye_detection/build/lib/eye_detection/__init__.py -> /home/pranav/eye_detection/install/eye_detection/lib/python3.10/site-packages/eye_detection
byte-compiling /home/pranav/eye_detection/install/eye_detection/lib/python3.10/site-packages/eye_detection/eye_detection.py to eye_detection.cpython-310.pyc
byte-compiling /home/pranav/eye_detection/install/eye_detection/lib/python3.10/site-packages/eye_detection/__init__.py to __init__.cpython-310.pyc
running install_data
creating /home/pranav/eye_detection/install/eye_detection/share/ament_index/resource_index/packages
copying resource/eye_detection -> /home/pranav/eye_detection/install/eye_detection/share/ament_index/resource_index/packages
copying package.xml -> /home/pranav/eye_detection/install/eye_detection/share/eye_detection
running install_egg_info
Copying build/eye_detection/eye_detection.egg-info to /home/pranav/eye_detection/install/eye_detection/lib/python3.10/site-packages/eye_detection-0.0.0-py3.10.egg-info
running install_scripts
writing list of installed files to '/home/pranav/eye_detection/build/eye_detection/install.log'
